C51 COMPILER V9.60.7.0   INTERRUPCION                                                      06/06/2026 09:57:16 PAGE 1   


C51 COMPILER V9.60.7.0, COMPILATION OF MODULE INTERRUPCION
OBJECT MODULE PLACED IN .\Objects\interrupcion.obj
COMPILER INVOKED BY: C:\Keil_v5\C51\BIN\C51.EXE interrupcion.c OPTIMIZE(8,SPEED) BROWSE DEBUG OBJECTEXTEND PRINT(.\Listi
                    -ngs\interrupcion.lst) TABS(2) OBJECT(.\Objects\interrupcion.obj)

line level    source

   1          #include "interrupcion.h"
   2          
   3          /// INT0 sensor arriba
   4          /// INT1 sensor abajo (mayor prioridad)
   5          
   6          
   7          void interrupcion_init(void){
   8   1        /// habilitar interrupciones 0B10000101
   9   1        IE |= 0x85;
  10   1        /// asignar prioridades 0B00000100
  11   1        IP |= 0x04;
  12   1        /// definir flanco de interrupcion (nivel bajo)
  13   1        IT1 = 0;
  14   1        IT0 = 0;
  15   1        
  16   1        /// iniciar con motor apagado
  17   1        pin_subir = 0;
  18   1        pin_bajar = 0;
  19   1        
  20   1      }
  21          
  22          void ISR_INT0_sensor_arriba(void) interrupt 0 {
  23   1        pin_subir = 0; /// detener por seguridad
  24   1        led_arriba = 0; /// encender
  25   1        led_abajo = 1; /// apagar
  26   1      }
  27          
  28          void ISR_INT1_sensor_abajo(void) interrupt 2 {
  29   1        pin_bajar = 0; /// detener por seguridad
  30   1        led_arriba = 1; /// apagar
  31   1        led_abajo = 0; /// encender
  32   1      }


MODULE INFORMATION:   STATIC OVERLAYABLE
   CODE SIZE        =     29    ----
   CONSTANT SIZE    =   ----    ----
   XDATA SIZE       =   ----    ----
   PDATA SIZE       =   ----    ----
   DATA SIZE        =   ----    ----
   IDATA SIZE       =   ----    ----
   BIT SIZE         =   ----    ----
END OF MODULE INFORMATION.


C51 COMPILATION COMPLETE.  0 WARNING(S),  0 ERROR(S)
